This file contains any messages produced by compilers while
running configure, to aid debugging if configure makes a mistake.

It was created by system-config-printer configure 1.5.8, which was
generated by GNU Autoconf 2.69.  Invocation command line was

  $ ./configure --prefix /test

## --------- ##
## Platform. ##
## --------- ##

hostname = wufeiyun-pc
uname -m = x86_64
uname -r = 4.6.0-1-amd64
uname -s = Linux
uname -v = #1 SMP emindlinux 4.6.2-2 (2016-06-25)

/usr/bin/uname -p = unknown
/bin/uname -X     = unknown

/bin/arch              = unknown
/usr/bin/arch -k       = unknown
/usr/convex/getsysinfo = unknown
/usr/bin/hostinfo      = unknown
/bin/machine           = unknown
/usr/bin/oslevel       = unknown
/bin/universe          = unknown

PATH: /home/wufeiyun/bin
PATH: /usr/local/bin
PATH: /usr/bin
PATH: /bin
PATH: /usr/local/sbin
PATH: /usr/sbin
PATH: /sbin
PATH: /usr/local/games
PATH: /usr/games
PATH: /home/wufeiyun/jdk1.8.0_101/bin


## ----------- ##
## Core tests. ##
## ----------- ##

configure:2064: checking for a BSD-compatible install
configure:2132: result: /usr/bin/install -c
configure:2143: checking whether build environment is sane
configure:2198: result: yes
configure:2349: checking for a thread-safe mkdir -p
configure:2388: result: /bin/mkdir -p
configure:2395: checking for gawk
configure:2411: found /usr/bin/gawk
configure:2422: result: gawk
configure:2433: checking whether make sets $(MAKE)
configure:2455: result: yes
configure:2484: checking whether make supports nested variables
configure:2501: result: yes
configure:2628: checking whether NLS is requested
configure:2637: result: yes
configure:2653: checking for style of include used by make
configure:2681: result: GNU
configure:2752: checking for gcc
configure:2768: found /usr/bin/gcc
configure:2779: result: gcc
configure:3008: checking for C compiler version
configure:3017: gcc --version >&5
gcc (Debian 6.1.1-11) 6.1.1 20160802
Copyright (C) 2016 Free Software Foundation, Inc.
This is free software; see the source for copying conditions.  There is NO
warranty; not even for MERCHANTABILITY or FITNESS FOR A PARTICULAR PURPOSE.

configure:3028: $? = 0
configure:3017: gcc -v >&5
Using built-in specs.
COLLECT_GCC=gcc
COLLECT_LTO_WRAPPER=/usr/lib/gcc/x86_64-linux-gnu/6/lto-wrapper
Target: x86_64-linux-gnu
Configured with: ../src/configure -v --with-pkgversion='Debian 6.1.1-11' --with-bugurl=file:///usr/share/doc/gcc-6/README.Bugs --enable-languages=c,ada,c++,java,go,d,fortran,objc,obj-c++ --prefix=/usr --program-suffix=-6 --enable-shared --enable-linker-build-id --libexecdir=/usr/lib --without-included-gettext --enable-threads=posix --libdir=/usr/lib --enable-nls --with-sysroot=/ --enable-clocale=gnu --enable-libstdcxx-debug --enable-libstdcxx-time=yes --with-default-libstdcxx-abi=new --enable-gnu-unique-object --disable-vtable-verify --enable-libmpx --enable-plugin --with-system-zlib --disable-browser-plugin --enable-java-awt=gtk --enable-gtk-cairo --with-java-home=/usr/lib/jvm/java-1.5.0-gcj-6-amd64/jre --enable-java-home --with-jvm-root-dir=/usr/lib/jvm/java-1.5.0-gcj-6-amd64 --with-jvm-jar-dir=/usr/lib/jvm-exports/java-1.5.0-gcj-6-amd64 --with-arch-directory=amd64 --with-ecj-jar=/usr/share/java/eclipse-ecj.jar --enable-objc-gc --enable-multiarch --with-arch-32=i686 --with-abi=m64 --with-multilib-list=m32,m64,mx32 --enable-multilib --with-tune=generic --enable-checking=release --build=x86_64-linux-gnu --host=x86_64-linux-gnu --target=x86_64-linux-gnu
Thread model: posix
gcc version 6.1.1 20160802 (Debian 6.1.1-11) 
configure:3028: $? = 0
configure:3017: gcc -V >&5
gcc: error: unrecognized command line option '-V'
gcc: fatal error: no input files
compilation terminated.
configure:3028: $? = 1
configure:3017: gcc -qversion >&5
gcc: error: unrecognized command line option '-qversion'; did you mean '--version'?
gcc: fatal error: no input files
compilation terminated.
configure:3028: $? = 1
configure:3048: checking whether the C compiler works
configure:3070: gcc    conftest.c  >&5
configure:3074: $? = 0
configure:3122: result: yes
configure:3125: checking for C compiler default output file name
configure:3127: result: a.out
configure:3133: checking for suffix of executables
configure:3140: gcc -o conftest    conftest.c  >&5
configure:3144: $? = 0
configure:3166: result: 
configure:3188: checking whether we are cross compiling
configure:3196: gcc -o conftest    conftest.c  >&5
configure:3200: $? = 0
configure:3207: ./conftest
configure:3211: $? = 0
configure:3226: result: no
configure:3231: checking for suffix of object files
configure:3253: gcc -c   conftest.c >&5
configure:3257: $? = 0
configure:3278: result: o
configure:3282: checking whether we are using the GNU C compiler
configure:3301: gcc -c   conftest.c >&5
configure:3301: $? = 0
configure:3310: result: yes
configure:3319: checking whether gcc accepts -g
configure:3339: gcc -c -g  conftest.c >&5
configure:3339: $? = 0
configure:3380: result: yes
configure:3397: checking for gcc option to accept ISO C89
configure:3460: gcc  -c -g -O2  conftest.c >&5
configure:3460: $? = 0
configure:3473: result: none needed
configure:3498: checking whether gcc understands -c and -o together
configure:3520: gcc -c conftest.c -o conftest2.o
configure:3523: $? = 0
configure:3520: gcc -c conftest.c -o conftest2.o
configure:3523: $? = 0
configure:3535: result: yes
configure:3554: checking dependency style of gcc
configure:3665: result: gcc3
configure:3705: checking for intltool-update
configure:3723: found /usr/bin/intltool-update
configure:3735: result: /usr/bin/intltool-update
configure:3745: checking for intltool-merge
configure:3763: found /usr/bin/intltool-merge
configure:3775: result: /usr/bin/intltool-merge
configure:3785: checking for intltool-extract
configure:3803: found /usr/bin/intltool-extract
configure:3815: result: /usr/bin/intltool-extract
configure:3969: checking for xgettext
configure:3987: found /usr/bin/xgettext
configure:3999: result: /usr/bin/xgettext
configure:4009: checking for msgmerge
configure:4027: found /usr/bin/msgmerge
configure:4039: result: /usr/bin/msgmerge
configure:4049: checking for msgfmt
configure:4067: found /usr/bin/msgfmt
configure:4079: result: /usr/bin/msgfmt
configure:4089: checking for gmsgfmt
configure:4120: result: /usr/bin/msgfmt
configure:4140: checking for perl
configure:4158: found /usr/bin/perl
configure:4170: result: /usr/bin/perl
configure:4181: checking for perl >= 5.8.1
configure:4188: result: 5.24.1
configure:4192: checking for XML::Parser
configure:4195: result: ok
configure:4220: gcc -o conftest -g -O2   conftest.c  >&5
configure:4220: $? = 0
configure:4282: checking for a Python interpreter with version >= 3
configure:4299: python -c import sys # split strings by '.' and convert to numeric. Append some zeros # because we need at least 4 digits for the hex conversion. # map returns an iterator in Python 3.0 and a list in 2.x minver = list(map(int, '3'.split('.'))) + [0, 0, 0] minverhex = 0 # xrange is not present in Python 3.0 and range returns an iterator for i in list(range(0, 4)): minverhex = (minverhex << 8) + minver[i] sys.exit(sys.hexversion < minverhex)
configure:4302: $? = 0
configure:4308: result: python
configure:4316: checking for python
configure:4334: found /usr/bin/python
configure:4346: result: /usr/bin/python
configure:4364: checking for python version
configure:4371: result: 3.5
configure:4383: checking for python platform
configure:4390: result: linux
configure:4416: checking for python script directory
configure:4451: result: ${prefix}/lib/python3.5/site-packages
configure:4460: checking for python extension module directory
configure:4495: result: ${exec_prefix}/lib/python3.5/site-packages
configure:4597: checking for pkg-config
configure:4615: found /usr/bin/pkg-config
configure:4627: result: /usr/bin/pkg-config
configure:4652: checking pkg-config is at least version 0.9.0
configure:4655: result: yes
configure:4665: checking for GLIB
configure:4672: $PKG_CONFIG --exists --print-errors "glib-2.0"
configure:4675: $? = 0
configure:4689: $PKG_CONFIG --exists --print-errors "glib-2.0"
configure:4692: $? = 0
configure:4730: result: yes
configure:4974: checking for pkg-config
configure:5004: result: /usr/bin/pkg-config
configure:5029: checking pkg-config is at least version 0.9.0
configure:5032: result: yes
configure:5209: checking that generated files are newer than configure
configure:5215: result: done
configure:5250: creating ./config.status

## ---------------------- ##
## Running config.status. ##
## ---------------------- ##

This file was extended by system-config-printer config.status 1.5.8, which was
generated by GNU Autoconf 2.69.  Invocation command line was

  CONFIG_FILES    = 
  CONFIG_HEADERS  = 
  CONFIG_LINKS    = 
  CONFIG_COMMANDS = 
  $ ./config.status 

on wufeiyun-pc

config.status:866: creating Makefile
config.status:866: creating po/Makefile.in
config.status:866: creating system-config-printer
config.status:866: creating system-config-printer-applet
config.status:866: creating install-printerdriver
config.status:866: creating dbus/scp-dbus-service
config.status:866: creating udev/configure-printer@.service
config.status:1038: executing depfiles commands
config.status:1038: executing po/stamp-it commands

## ---------------- ##
## Cache variables. ##
## ---------------- ##

ac_cv_c_compiler_gnu=yes
ac_cv_env_CC_set=
ac_cv_env_CC_value=
ac_cv_env_CFLAGS_set=
ac_cv_env_CFLAGS_value=
ac_cv_env_CPPFLAGS_set=
ac_cv_env_CPPFLAGS_value=
ac_cv_env_GLIB_CFLAGS_set=
ac_cv_env_GLIB_CFLAGS_value=
ac_cv_env_GLIB_LIBS_set=
ac_cv_env_GLIB_LIBS_value=
ac_cv_env_LDFLAGS_set=
ac_cv_env_LDFLAGS_value=
ac_cv_env_LIBS_set=
ac_cv_env_LIBS_value=
ac_cv_env_PKG_CONFIG_LIBDIR_set=
ac_cv_env_PKG_CONFIG_LIBDIR_value=
ac_cv_env_PKG_CONFIG_PATH_set=
ac_cv_env_PKG_CONFIG_PATH_value=
ac_cv_env_PKG_CONFIG_set=
ac_cv_env_PKG_CONFIG_value=
ac_cv_env_PYTHON_set=
ac_cv_env_PYTHON_value=
ac_cv_env_build_alias_set=
ac_cv_env_build_alias_value=
ac_cv_env_host_alias_set=
ac_cv_env_host_alias_value=
ac_cv_env_libudev_CFLAGS_set=
ac_cv_env_libudev_CFLAGS_value=
ac_cv_env_libudev_LIBS_set=
ac_cv_env_libudev_LIBS_value=
ac_cv_env_libusb_CFLAGS_set=
ac_cv_env_libusb_CFLAGS_value=
ac_cv_env_libusb_LIBS_set=
ac_cv_env_libusb_LIBS_value=
ac_cv_env_target_alias_set=
ac_cv_env_target_alias_value=
ac_cv_objext=o
ac_cv_path_GMSGFMT=/usr/bin/msgfmt
ac_cv_path_INTLTOOL_EXTRACT=/usr/bin/intltool-extract
ac_cv_path_INTLTOOL_MERGE=/usr/bin/intltool-merge
ac_cv_path_INTLTOOL_PERL=/usr/bin/perl
ac_cv_path_INTLTOOL_UPDATE=/usr/bin/intltool-update
ac_cv_path_MSGFMT=/usr/bin/msgfmt
ac_cv_path_MSGMERGE=/usr/bin/msgmerge
ac_cv_path_PYTHON=/usr/bin/python
ac_cv_path_XGETTEXT=/usr/bin/xgettext
ac_cv_path_ac_pt_PKG_CONFIG=/usr/bin/pkg-config
ac_cv_path_install='/usr/bin/install -c'
ac_cv_path_mkdir=/bin/mkdir
ac_cv_prog_AWK=gawk
ac_cv_prog_ac_ct_CC=gcc
ac_cv_prog_cc_c89=
ac_cv_prog_cc_g=yes
ac_cv_prog_make_make_set=yes
am_cv_CC_dependencies_compiler_type=gcc3
am_cv_make_support_nested_variables=yes
am_cv_pathless_PYTHON=python
am_cv_prog_cc_c_o=yes
am_cv_python_platform=linux
am_cv_python_pyexecdir='${exec_prefix}/lib/python3.5/site-packages'
am_cv_python_pythondir='${prefix}/lib/python3.5/site-packages'
am_cv_python_version=3.5
pkg_cv_GLIB_CFLAGS='-I/usr/local/include -I/usr/include/glib-2.0 -I/usr/lib/x86_64-linux-gnu/glib-2.0/include'
pkg_cv_GLIB_LIBS=-lglib-2.0

## ----------------- ##
## Output variables. ##
## ----------------- ##

ACLOCAL='${SHELL} /home/wufeiyun/git/system-config-printer-1024/missing aclocal-1.15'
ALL_LINGUAS='ar as bg bn bn_IN br bs ca cs cy da de el en_GB es et fa fi fr gu he hi hr hu id is it ja kn ko lt lv mai mk ml mr ms nb nds nl nn or pa pl pt pt_BR ro ru si sk sl sr sr@latin sv ta te th tr uk vi zh_CN zh_TW'
AMDEPBACKSLASH='\'
AMDEP_FALSE='#'
AMDEP_TRUE=''
AMTAR='$${TAR-tar}'
AM_BACKSLASH='\'
AM_DEFAULT_V='$(AM_DEFAULT_VERBOSITY)'
AM_DEFAULT_VERBOSITY='1'
AM_V='$(V)'
AUTOCONF='${SHELL} /home/wufeiyun/git/system-config-printer-1024/missing autoconf'
AUTOHEADER='${SHELL} /home/wufeiyun/git/system-config-printer-1024/missing autoheader'
AUTOMAKE='${SHELL} /home/wufeiyun/git/system-config-printer-1024/missing automake-1.15'
AWK='gawk'
CATOBJEXT='.gmo'
CC='gcc'
CCDEPMODE='depmode=gcc3'
CFLAGS='-g -O2'
CPPFLAGS=''
CYGPATH_W='echo'
DATADIRNAME='share'
DEFS='-DPACKAGE_NAME=\"system-config-printer\" -DPACKAGE_TARNAME=\"system-config-printer\" -DPACKAGE_VERSION=\"1.5.8\" -DPACKAGE_STRING=\"system-config-printer\ 1.5.8\" -DPACKAGE_BUGREPORT=\"\" -DPACKAGE_URL=\"\" -DPACKAGE=\"system-config-printer\" -DVERSION=\"1.5.8\"'
DEPDIR='.deps'
DESKTOPPREFIX=''
DESKTOPVENDOR=''
ECHO_C=''
ECHO_N='-n'
ECHO_T=''
EXEEXT=''
GETTEXT_PACKAGE='system-config-printer'
GLIB_CFLAGS='-I/usr/local/include -I/usr/include/glib-2.0 -I/usr/lib/x86_64-linux-gnu/glib-2.0/include'
GLIB_LIBS='-lglib-2.0'
GMSGFMT='/usr/bin/msgfmt'
HAVE_SYSTEMD_FALSE='#'
HAVE_SYSTEMD_TRUE=''
INSTALL_DATA='${INSTALL} -m 644'
INSTALL_PROGRAM='${INSTALL}'
INSTALL_SCRIPT='${INSTALL}'
INSTALL_STRIP_PROGRAM='$(install_sh) -c -s'
INTLTOOL_CAVES_RULE='%.caves:     %.caves.in     $(INTLTOOL_MERGE) $(wildcard $(top_srcdir)/po/*.po) ; $(INTLTOOL_V_MERGE)LC_ALL=C $(INTLTOOL_MERGE) $(INTLTOOL_V_MERGE_OPTIONS) -d -u -c $(top_builddir)/po/.intltool-merge-cache $(top_srcdir)/po $< $@'
INTLTOOL_DESKTOP_RULE='%.desktop:   %.desktop.in   $(INTLTOOL_MERGE) $(wildcard $(top_srcdir)/po/*.po) ; $(INTLTOOL_V_MERGE)LC_ALL=C $(INTLTOOL_MERGE) $(INTLTOOL_V_MERGE_OPTIONS) -d -u -c $(top_builddir)/po/.intltool-merge-cache $(top_srcdir)/po $< $@'
INTLTOOL_DIRECTORY_RULE='%.directory: %.directory.in $(INTLTOOL_MERGE) $(wildcard $(top_srcdir)/po/*.po) ; $(INTLTOOL_V_MERGE)LC_ALL=C $(INTLTOOL_MERGE) $(INTLTOOL_V_MERGE_OPTIONS) -d -u -c $(top_builddir)/po/.intltool-merge-cache $(top_srcdir)/po $< $@'
INTLTOOL_EXTRACT='/usr/bin/intltool-extract'
INTLTOOL_KBD_RULE='%.kbd:       %.kbd.in       $(INTLTOOL_MERGE) $(wildcard $(top_srcdir)/po/*.po) ; $(INTLTOOL_V_MERGE)LC_ALL=C $(INTLTOOL_MERGE) $(INTLTOOL_V_MERGE_OPTIONS) -x -u -m -c $(top_builddir)/po/.intltool-merge-cache $(top_srcdir)/po $< $@'
INTLTOOL_KEYS_RULE='%.keys:      %.keys.in      $(INTLTOOL_MERGE) $(wildcard $(top_srcdir)/po/*.po) ; $(INTLTOOL_V_MERGE)LC_ALL=C $(INTLTOOL_MERGE) $(INTLTOOL_V_MERGE_OPTIONS) -k -u -c $(top_builddir)/po/.intltool-merge-cache $(top_srcdir)/po $< $@'
INTLTOOL_MERGE='/usr/bin/intltool-merge'
INTLTOOL_OAF_RULE='%.oaf:       %.oaf.in       $(INTLTOOL_MERGE) $(wildcard $(top_srcdir)/po/*.po) ; $(INTLTOOL_V_MERGE)LC_ALL=C $(INTLTOOL_MERGE) $(INTLTOOL_V_MERGE_OPTIONS) -o -p $(top_srcdir)/po $< $@'
INTLTOOL_PERL='/usr/bin/perl'
INTLTOOL_POLICY_RULE='%.policy:    %.policy.in    $(INTLTOOL_MERGE) $(wildcard $(top_srcdir)/po/*.po) ; $(INTLTOOL_V_MERGE)LC_ALL=C $(INTLTOOL_MERGE) $(INTLTOOL_V_MERGE_OPTIONS) -x -u -c $(top_builddir)/po/.intltool-merge-cache $(top_srcdir)/po $< $@'
INTLTOOL_PONG_RULE='%.pong:      %.pong.in      $(INTLTOOL_MERGE) $(wildcard $(top_srcdir)/po/*.po) ; $(INTLTOOL_V_MERGE)LC_ALL=C $(INTLTOOL_MERGE) $(INTLTOOL_V_MERGE_OPTIONS) -x -u -c $(top_builddir)/po/.intltool-merge-cache $(top_srcdir)/po $< $@'
INTLTOOL_PROP_RULE='%.prop:      %.prop.in      $(INTLTOOL_MERGE) $(wildcard $(top_srcdir)/po/*.po) ; $(INTLTOOL_V_MERGE)LC_ALL=C $(INTLTOOL_MERGE) $(INTLTOOL_V_MERGE_OPTIONS) -d -u -c $(top_builddir)/po/.intltool-merge-cache $(top_srcdir)/po $< $@'
INTLTOOL_SCHEMAS_RULE='%.schemas:   %.schemas.in   $(INTLTOOL_MERGE) $(wildcard $(top_srcdir)/po/*.po) ; $(INTLTOOL_V_MERGE)LC_ALL=C $(INTLTOOL_MERGE) $(INTLTOOL_V_MERGE_OPTIONS) -s -u -c $(top_builddir)/po/.intltool-merge-cache $(top_srcdir)/po $< $@'
INTLTOOL_SERVER_RULE='%.server:    %.server.in    $(INTLTOOL_MERGE) $(wildcard $(top_srcdir)/po/*.po) ; $(INTLTOOL_V_MERGE)LC_ALL=C $(INTLTOOL_MERGE) $(INTLTOOL_V_MERGE_OPTIONS) -o -u -c $(top_builddir)/po/.intltool-merge-cache $(top_srcdir)/po $< $@'
INTLTOOL_SERVICE_RULE='%.service: %.service.in   $(INTLTOOL_MERGE) $(wildcard $(top_srcdir)/po/*.po) ; $(INTLTOOL_V_MERGE)LC_ALL=C $(INTLTOOL_MERGE) $(INTLTOOL_V_MERGE_OPTIONS) -d -u -c $(top_builddir)/po/.intltool-merge-cache $(top_srcdir)/po $< $@'
INTLTOOL_SHEET_RULE='%.sheet:     %.sheet.in     $(INTLTOOL_MERGE) $(wildcard $(top_srcdir)/po/*.po) ; $(INTLTOOL_V_MERGE)LC_ALL=C $(INTLTOOL_MERGE) $(INTLTOOL_V_MERGE_OPTIONS) -x -u -c $(top_builddir)/po/.intltool-merge-cache $(top_srcdir)/po $< $@'
INTLTOOL_SOUNDLIST_RULE='%.soundlist: %.soundlist.in $(INTLTOOL_MERGE) $(wildcard $(top_srcdir)/po/*.po) ; $(INTLTOOL_V_MERGE)LC_ALL=C $(INTLTOOL_MERGE) $(INTLTOOL_V_MERGE_OPTIONS) -d -u -c $(top_builddir)/po/.intltool-merge-cache $(top_srcdir)/po $< $@'
INTLTOOL_THEME_RULE='%.theme:     %.theme.in     $(INTLTOOL_MERGE) $(wildcard $(top_srcdir)/po/*.po) ; $(INTLTOOL_V_MERGE)LC_ALL=C $(INTLTOOL_MERGE) $(INTLTOOL_V_MERGE_OPTIONS) -d -u -c $(top_builddir)/po/.intltool-merge-cache $(top_srcdir)/po $< $@'
INTLTOOL_UI_RULE='%.ui:        %.ui.in        $(INTLTOOL_MERGE) $(wildcard $(top_srcdir)/po/*.po) ; $(INTLTOOL_V_MERGE)LC_ALL=C $(INTLTOOL_MERGE) $(INTLTOOL_V_MERGE_OPTIONS) -x -u -c $(top_builddir)/po/.intltool-merge-cache $(top_srcdir)/po $< $@'
INTLTOOL_UPDATE='/usr/bin/intltool-update'
INTLTOOL_V_MERGE='$(INTLTOOL__v_MERGE_$(V))'
INTLTOOL_V_MERGE_OPTIONS='$(intltool__v_merge_options_$(V))'
INTLTOOL_XAM_RULE='%.xam:       %.xml.in       $(INTLTOOL_MERGE) $(wildcard $(top_srcdir)/po/*.po) ; $(INTLTOOL_V_MERGE)LC_ALL=C $(INTLTOOL_MERGE) $(INTLTOOL_V_MERGE_OPTIONS) -x -u -c $(top_builddir)/po/.intltool-merge-cache $(top_srcdir)/po $< $@'
INTLTOOL_XML_NOMERGE_RULE='%.xml:       %.xml.in       $(INTLTOOL_MERGE) ; $(INTLTOOL_V_MERGE)LC_ALL=C $(INTLTOOL_MERGE) $(INTLTOOL_V_MERGE_OPTIONS) -x -u --no-translations $< $@'
INTLTOOL_XML_RULE='%.xml:       %.xml.in       $(INTLTOOL_MERGE) $(wildcard $(top_srcdir)/po/*.po) ; $(INTLTOOL_V_MERGE)LC_ALL=C $(INTLTOOL_MERGE) $(INTLTOOL_V_MERGE_OPTIONS) -x -u -c $(top_builddir)/po/.intltool-merge-cache $(top_srcdir)/po $< $@'
INTLTOOL__v_MERGE_0='@echo "  ITMRG " $@;'
INTLTOOL__v_MERGE_='$(INTLTOOL__v_MERGE_$(AM_DEFAULT_VERBOSITY))'
LDFLAGS=''
LIBOBJS=''
LIBS=''
LTLIBOBJS=''
MAKEINFO='${SHELL} /home/wufeiyun/git/system-config-printer-1024/missing makeinfo'
MKDIR_P='/bin/mkdir -p'
MSGFMT='/usr/bin/msgfmt'
MSGMERGE='/usr/bin/msgmerge'
OBJEXT='o'
PACKAGE='system-config-printer'
PACKAGE_BUGREPORT=''
PACKAGE_NAME='system-config-printer'
PACKAGE_STRING='system-config-printer 1.5.8'
PACKAGE_TARNAME='system-config-printer'
PACKAGE_URL=''
PACKAGE_VERSION='1.5.8'
PATH_SEPARATOR=':'
PKG_CONFIG='/usr/bin/pkg-config'
PKG_CONFIG_LIBDIR=''
PKG_CONFIG_PATH=''
PYTHON='/usr/bin/python'
PYTHON_EXEC_PREFIX='${exec_prefix}'
PYTHON_PLATFORM='linux'
PYTHON_PREFIX='${prefix}'
PYTHON_VERSION='3.5'
SET_MAKE=''
SHELL='/bin/bash'
STRIP=''
UDEV_RULES_FALSE=''
UDEV_RULES_TRUE='#'
USE_NLS='yes'
VERSION='1.5.8'
XGETTEXT='/usr/bin/xgettext'
ac_ct_CC='gcc'
am__EXEEXT_FALSE=''
am__EXEEXT_TRUE='#'
am__fastdepCC_FALSE='#'
am__fastdepCC_TRUE=''
am__include='include'
am__isrc=''
am__leading_dot='.'
am__nodep='_no'
am__quote=''
am__tar='$${TAR-tar} chof - "$$tardir"'
am__untar='$${TAR-tar} xf -'
bindir='${exec_prefix}/bin'
build_alias=''
cupsserverbindir='/usr/lib/cups'
datadir='${datarootdir}'
datarootdir='${prefix}/share'
docdir='${datarootdir}/doc/${PACKAGE_TARNAME}'
dvidir='${docdir}'
exec_prefix='${prefix}'
host_alias=''
htmldir='${docdir}'
includedir='${prefix}/include'
infodir='${datarootdir}/info'
install_sh='${SHELL} /home/wufeiyun/git/system-config-printer-1024/install-sh'
intltool__v_merge_options_0='-q'
intltool__v_merge_options_='$(intltool__v_merge_options_$(AM_DEFAULT_VERBOSITY))'
libdir='${exec_prefix}/lib'
libexecdir='${exec_prefix}/libexec'
libudev_CFLAGS=''
libudev_LIBS=''
libusb_CFLAGS=''
libusb_LIBS=''
localedir='${datarootdir}/locale'
localstatedir='${prefix}/var'
mandir='${datarootdir}/man'
mkdir_p='$(MKDIR_P)'
oldincludedir='/usr/include'
pdfdir='${docdir}'
pkgpyexecdir='${pyexecdir}/system-config-printer'
pkgpythondir='${pythondir}/system-config-printer'
prefix='/test'
program_transform_name='s,x,x,'
psdir='${docdir}'
pyexecdir='${exec_prefix}/lib/python3.5/site-packages'
pythondir='${prefix}/lib/python3.5/site-packages'
runstatedir='${localstatedir}/run'
sbindir='${exec_prefix}/sbin'
sharedstatedir='${prefix}/com'
sysconfdir='${prefix}/etc'
systemdsystemunitdir='/lib/systemd/system'
target_alias=''
udevdir='/lib/udev'
udevrulesdir='/lib/udev/rules.d'

## ----------- ##
## confdefs.h. ##
## ----------- ##

/* confdefs.h */
#define PACKAGE_NAME "system-config-printer"
#define PACKAGE_TARNAME "system-config-printer"
#define PACKAGE_VERSION "1.5.8"
#define PACKAGE_STRING "system-config-printer 1.5.8"
#define PACKAGE_BUGREPORT ""
#define PACKAGE_URL ""
#define PACKAGE "system-config-printer"
#define VERSION "1.5.8"

configure: exit 0
